Arguments: 
  C:\Program Files\nodejs\node.exe C:\Users\STEPHEN\AppData\Roaming\npm\node_modules\yarn\bin\yarn.js add react-native-safe-area-context

PATH: 
  C:\Program Files\Common Files\Oracle\Java\javapath;C:\WINDOWS\system32;C:\WINDOWS;C:\WINDOWS\System32\Wbem;C:\WINDOWS\System32\WindowsPowerShell\v1.0\;C:\WINDOWS\System32\OpenSSH\;C:\Program Files\nodejs\;C:\Program Files\Git\cmd;C:\Users\STEPHEN\AppData\Local\Microsoft\WindowsApps;C:\Users\STEPHEN\AppData\Local\Programs\Microsoft VS Code\bin;C:\Users\STEPHEN\AppData\Roaming\npm;C:\Users\STEPHEN\AppData\Local\Android\Sdk\platform-tools;C:\Users\STEPHEN\AppData\Local\GitHubDesktop\bin

Yarn version: 
  1.22.17

Node version: 
  14.17.6

Platform: 
  win32 x64

Trace: 
  Error: unexpected end of file
      at Zlib.zlibOnError [as onerror] (zlib.js:188:17)

npm manifest: 
  {
    "main": "node_modules/expo/AppEntry.js",
    "scripts": {
      "start": "expo start",
      "android": "expo start --android",
      "ios": "expo start --ios",
      "web": "expo start --web",
      "eject": "expo eject"
    },
    "dependencies": {
      "@react-navigation/bottom-tabs": "^6.0.9",
      "@react-navigation/material-bottom-tabs": "^6.0.9",
      "@react-navigation/native": "^6.0.6",
      "@react-navigation/stack": "^6.0.11",
      "expo": "~43.0.0",
      "expo-status-bar": "~1.1.0",
      "react": "17.0.1",
      "react-dom": "17.0.1",
      "react-native": "0.64.2",
      "react-native-elements": "^3.4.2",
      "react-native-gesture-handler": "^1.10.3",
      "react-native-paper": "^4.10.0",
      "react-native-safe-area-context": "^3.3.2",
      "react-native-screens": "^3.9.0",
      "react-native-vector-icons": "^9.0.0",
      "react-native-web": "0.17.1"
    },
    "devDependencies": {
      "@babel/core": "^7.12.9"
    },
    "private": true
  }

yarn manifest: 
  No manifest

Lockfile: 
  No lockfile
